<?xml version="1.0" encoding="UTF-8"?>
<testsuite name="TestSuite" time="11.634" tests="5" errors="0" skipped="0" failures="3">
  <properties>
[...]
</properties>
  <testcase name="loginFail" classname="LoginTest" time="6.148">
    <failure message="expected [0] but found [1]" type="java.lang.AssertionError">java.lang.AssertionError: expected [0] but found [1]
	at org.testng.Assert.fail(Assert.java:94)
	at org.testng.Assert.failNotEquals(Assert.java:496)
	at org.testng.Assert.assertEquals(Assert.java:125)
	at org.testng.Assert.assertEquals(Assert.java:372)
	at org.testng.Assert.assertEquals(Assert.java:382)
	at org.webdriver.patatiumwebui.utils.Assertion.VerityError(Assertion.java:1041)
	at LoginTest.loginFail(LoginTest.java:60)
</failure>
    <system-out><![CDATA[[2018-05-23 22:18:55,940] INFO  org.webdriver.patatiumwebui.utils.TestBaseCase ------------------寮�濮嬫墽琛屾祴璇�---------------
[2018-05-23 22:18:55,941] INFO  org.webdriver.patatiumwebui.utils.TestBaseCase 璇诲彇testng.xml閰嶇疆鐨凢irefoxDriver娴忚鍣ㄥ苟灏嗗叾鍒濆鍖�


[2018-05-23 22:19:01,855] INFO  org.webdriver.patatiumwebui.utils.TestListener 娴嬭瘯鐢ㄤ緥:鐧诲綍澶辫触鐢ㄤ緥---start
[2018-05-23 22:19:04,738] INFO  org.webdriver.patatiumwebui.pageObject.LoginPage 鎵撳紑娴忚鍣紝璁块棶https://passport.jd.com/new/login.aspx缃戝潃!
https://passport.jd.com/new/login.aspx
[2018-05-23 22:19:05,089] INFO  org.webdriver.patatiumwebui.utils.ElementAction 鏌ユ壘鍏冪礌锛氳处鎴风櫥褰曟柟寮廩By.xpath://a[text()='璐︽埛鐧诲綍']]
[2018-05-23 22:19:05,225] INFO  org.webdriver.patatiumwebui.utils.ElementAction click鍏冪礌锛氳处鎴风櫥褰昜By.xpath://a[text()='璐︽埛鐧诲綍']]鎴愬姛锛�
[2018-05-23 22:19:06,226] INFO  org.webdriver.patatiumwebui.utils.ElementAction 鏌ユ壘鍏冪礌锛氬瘑鐮佽緭鍏ユ鏂瑰紡[By.id:nloginpwd]
[2018-05-23 22:19:06,298] INFO  org.webdriver.patatiumwebui.utils.ElementAction 娓呴櫎input鍊�:瀵嗙爜杈撳叆妗哰By.id:nloginpwd]
[2018-05-23 22:19:06,298] INFO  org.webdriver.patatiumwebui.utils.ElementAction 鏌ユ壘鍏冪礌锛氱敤鎴峰悕杈撳叆妗嗘柟寮廩By.xpath://input[@id='loginname']]
[2018-05-23 22:19:06,369] INFO  org.webdriver.patatiumwebui.utils.ElementAction input杈撳叆锛氱敤鎴峰悕杈撳叆妗哰By.xpath://input[@id='loginname']value:aaa]
[2018-05-23 22:19:06,370] INFO  org.webdriver.patatiumwebui.utils.ElementAction 鏌ユ壘鍏冪礌锛氬瘑鐮佽緭鍏ユ鏂瑰紡[By.id:nloginpwd]
[2018-05-23 22:19:06,418] INFO  org.webdriver.patatiumwebui.utils.ElementAction 娓呴櫎input鍊�:瀵嗙爜杈撳叆妗哰By.id:nloginpwd]
[2018-05-23 22:19:06,419] INFO  org.webdriver.patatiumwebui.utils.ElementAction 鏌ユ壘鍏冪礌锛氬瘑鐮佽緭鍏ユ鏂瑰紡[By.id:nloginpwd]
[2018-05-23 22:19:06,473] INFO  org.webdriver.patatiumwebui.utils.ElementAction input杈撳叆锛氬瘑鐮佽緭鍏ユ[By.id:nloginpwdvalue:bbb]
[2018-05-23 22:19:06,473] INFO  org.webdriver.patatiumwebui.utils.ElementAction 鏌ユ壘鍏冪礌锛氱櫥褰曟寜閽柟寮廩By.id:loginsubmit]
[2018-05-23 22:19:06,592] INFO  org.webdriver.patatiumwebui.utils.ElementAction click鍏冪礌锛氱櫥褰曟寜閽甗By.id:loginsubmit]鎴愬姛锛�
[2018-05-23 22:19:07,594] INFO  org.webdriver.patatiumwebui.utils.Assertion 楠岃瘉鏄惁鍑虹幇棰勬湡鐨勯敊璇彁绀轰俊鎭�:璐︽埛鍚嶄笌瀵嗙爜涓嶅尮閰嶏紝璇烽噸鏂拌緭鍏�:銆怉ssert楠岃瘉銆�:椤甸潰鏄惁鍑虹幇銆愰鏈熷�硷細璐︽埛鍚嶄笌瀵嗙爜涓嶅尮閰嶏紝璇烽噸鏂拌緭鍏ャ�戝瓧绗︿覆
//*[contains(text(),'璐︽埛鍚嶄笌瀵嗙爜涓嶅尮閰嶏紝璇烽噸鏂拌緭鍏�')]
[2018-05-23 22:19:07,627] ERROR org.webdriver.patatiumwebui.utils.Assertion 銆怉ssert楠岃瘉  failed!銆�
[2018-05-23 22:19:07,995] ERROR org.webdriver.patatiumwebui.utils.ScreenShot 閿欒鎴浘锛欵:\testtest\PatatiumWebUi\test-output\snapshot\2018-05-23 221907631.jpg
]]></system-out>
  </testcase>
  <testcase name="loginFail" classname="LoginTest" time="4.519">
    <failure message="expected [0] but found [1]" type="java.lang.AssertionError">java.lang.AssertionError: expected [0] but found [1]
	at org.testng.Assert.fail(Assert.java:94)
	at org.testng.Assert.failNotEquals(Assert.java:496)
	at org.testng.Assert.assertEquals(Assert.java:125)
	at org.testng.Assert.assertEquals(Assert.java:372)
	at org.testng.Assert.assertEquals(Assert.java:382)
	at org.webdriver.patatiumwebui.utils.Assertion.VerityError(Assertion.java:1041)
	at LoginTest.loginFail(LoginTest.java:60)
</failure>
    <system-out><![CDATA[[2018-05-23 22:19:08,000] ERROR org.webdriver.patatiumwebui.utils.TestListener 1
[2018-05-23 22:19:08,339] ERROR org.webdriver.patatiumwebui.utils.ScreenShot 閿欒鎴浘锛欵:\testtest\PatatiumWebUi\test-output\snapshot\鐧诲綍澶辫触鐢ㄤ緥1.jpg
[2018-05-23 22:19:08,341] ERROR org.webdriver.patatiumwebui.utils.TestListener 娴嬭瘯鐢ㄤ緥: 鐧诲綍澶辫触鐢ㄤ緥--failed
[2018-05-23 22:19:08,341] INFO  org.webdriver.patatiumwebui.utils.TestListener 娴嬭瘯鐢ㄤ緥:鐧诲綍澶辫触鐢ㄤ緥---end
[2018-05-23 22:19:08,342] INFO  org.webdriver.patatiumwebui.utils.TestListener 娴嬭瘯鐢ㄤ緥:鐧诲綍澶辫触鐢ㄤ緥---start
[2018-05-23 22:19:09,871] INFO  org.webdriver.patatiumwebui.pageObject.LoginPage 鎵撳紑娴忚鍣紝璁块棶https://passport.jd.com/new/login.aspx缃戝潃!
https://passport.jd.com/new/login.aspx
[2018-05-23 22:19:10,006] INFO  org.webdriver.patatiumwebui.utils.ElementAction 鏌ユ壘鍏冪礌锛氳处鎴风櫥褰曟柟寮廩By.xpath://a[text()='璐︽埛鐧诲綍']]
[2018-05-23 22:19:10,102] INFO  org.webdriver.patatiumwebui.utils.ElementAction click鍏冪礌锛氳处鎴风櫥褰昜By.xpath://a[text()='璐︽埛鐧诲綍']]鎴愬姛锛�
[2018-05-23 22:19:11,102] INFO  org.webdriver.patatiumwebui.utils.ElementAction 鏌ユ壘鍏冪礌锛氬瘑鐮佽緭鍏ユ鏂瑰紡[By.id:nloginpwd]
[2018-05-23 22:19:11,173] INFO  org.webdriver.patatiumwebui.utils.ElementAction 娓呴櫎input鍊�:瀵嗙爜杈撳叆妗哰By.id:nloginpwd]
[2018-05-23 22:19:11,173] INFO  org.webdriver.patatiumwebui.utils.ElementAction 鏌ユ壘鍏冪礌锛氱敤鎴峰悕杈撳叆妗嗘柟寮廩By.xpath://input[@id='loginname']]
[2018-05-23 22:19:11,232] INFO  org.webdriver.patatiumwebui.utils.ElementAction input杈撳叆锛氱敤鎴峰悕杈撳叆妗哰By.xpath://input[@id='loginname']value:ccc]
[2018-05-23 22:19:11,233] INFO  org.webdriver.patatiumwebui.utils.ElementAction 鏌ユ壘鍏冪礌锛氬瘑鐮佽緭鍏ユ鏂瑰紡[By.id:nloginpwd]
[2018-05-23 22:19:11,292] INFO  org.webdriver.patatiumwebui.utils.ElementAction 娓呴櫎input鍊�:瀵嗙爜杈撳叆妗哰By.id:nloginpwd]
[2018-05-23 22:19:11,293] INFO  org.webdriver.patatiumwebui.utils.ElementAction 鏌ユ壘鍏冪礌锛氬瘑鐮佽緭鍏ユ鏂瑰紡[By.id:nloginpwd]
[2018-05-23 22:19:11,346] INFO  org.webdriver.patatiumwebui.utils.ElementAction input杈撳叆锛氬瘑鐮佽緭鍏ユ[By.id:nloginpwdvalue:ddd]
[2018-05-23 22:19:11,346] INFO  org.webdriver.patatiumwebui.utils.ElementAction 鏌ユ壘鍏冪礌锛氱櫥褰曟寜閽柟寮廩By.id:loginsubmit]
[2018-05-23 22:19:11,476] INFO  org.webdriver.patatiumwebui.utils.ElementAction click鍏冪礌锛氱櫥褰曟寜閽甗By.id:loginsubmit]鎴愬姛锛�
[2018-05-23 22:19:12,477] INFO  org.webdriver.patatiumwebui.utils.Assertion 楠岃瘉鏄惁鍑虹幇棰勬湡鐨勯敊璇彁绀轰俊鎭�:瀵嗙爜涓嶆纭�:銆怉ssert楠岃瘉銆�:椤甸潰鏄惁鍑虹幇銆愰鏈熷�硷細瀵嗙爜涓嶆纭�戝瓧绗︿覆
//*[contains(text(),'瀵嗙爜涓嶆纭�')]
[2018-05-23 22:19:12,504] ERROR org.webdriver.patatiumwebui.utils.Assertion 銆怉ssert楠岃瘉  failed!銆�
[2018-05-23 22:19:12,859] ERROR org.webdriver.patatiumwebui.utils.ScreenShot 閿欒鎴浘锛欵:\testtest\PatatiumWebUi\test-output\snapshot\2018-05-23 221912507.jpg
]]></system-out>
  </testcase>
  <testcase name="loginFail" classname="LoginTest" time="3.271"/>
  <testcase name="loginFail" classname="LoginTest" time="3.289"/>
  <testcase name="login" classname="LoginTest" time="5.486">
    <failure message="expected [0] but found [1]" type="java.lang.AssertionError">java.lang.AssertionError: expected [0] but found [1]
	at org.testng.Assert.fail(Assert.java:94)
	at org.testng.Assert.failNotEquals(Assert.java:496)
	at org.testng.Assert.assertEquals(Assert.java:125)
	at org.testng.Assert.assertEquals(Assert.java:372)
	at org.testng.Assert.assertEquals(Assert.java:382)
	at org.webdriver.patatiumwebui.utils.Assertion.VerityError(Assertion.java:1041)
	at LoginTest.login(LoginTest.java:39)
</failure>
    <system-out><![CDATA[[2018-05-23 22:19:19,771] INFO  org.webdriver.patatiumwebui.utils.TestListener 娴嬭瘯鐢ㄤ緥: 鐧诲綍澶辫触鐢ㄤ緥--passed
[2018-05-23 22:19:19,771] INFO  org.webdriver.patatiumwebui.utils.TestListener 娴嬭瘯鐢ㄤ緥:鐧诲綍澶辫触鐢ㄤ緥---end
[2018-05-23 22:19:21,011] INFO  org.webdriver.patatiumwebui.utils.TestBaseCase -------------缁撴潫娴嬭瘯锛屽苟鍏抽棴閫�鍑烘祻瑙堝櫒-------------
[2018-05-23 22:19:21,026] INFO  org.webdriver.patatiumwebui.utils.TestBaseCase ------------------寮�濮嬫墽琛屾祴璇�---------------
[2018-05-23 22:19:21,026] INFO  org.webdriver.patatiumwebui.utils.TestBaseCase 璇诲彇testng.xml閰嶇疆鐨凢irefoxDriver娴忚鍣ㄥ苟灏嗗叾鍒濆鍖�


[2018-05-23 22:19:25,559] INFO  org.webdriver.patatiumwebui.utils.TestListener 娴嬭瘯鐢ㄤ緥:鐧诲綍鎴愬姛娴嬭瘯---start
[2018-05-23 22:19:26,943] INFO  org.webdriver.patatiumwebui.pageObject.LoginPage 鎵撳紑娴忚鍣紝璁块棶https://passport.jd.com/new/login.aspx缃戝潃!
https://passport.jd.com/new/login.aspx
[2018-05-23 22:19:27,170] INFO  org.webdriver.patatiumwebui.utils.ElementAction 鏌ユ壘鍏冪礌锛氳处鎴风櫥褰曟柟寮廩By.xpath://a[text()='璐︽埛鐧诲綍']]
[2018-05-23 22:19:27,328] INFO  org.webdriver.patatiumwebui.utils.ElementAction click鍏冪礌锛氳处鎴风櫥褰昜By.xpath://a[text()='璐︽埛鐧诲綍']]鎴愬姛锛�
[2018-05-23 22:19:28,330] INFO  org.webdriver.patatiumwebui.utils.ElementAction 鏌ユ壘鍏冪礌锛氬瘑鐮佽緭鍏ユ鏂瑰紡[By.id:nloginpwd]
[2018-05-23 22:19:28,407] INFO  org.webdriver.patatiumwebui.utils.ElementAction 娓呴櫎input鍊�:瀵嗙爜杈撳叆妗哰By.id:nloginpwd]
[2018-05-23 22:19:28,407] INFO  org.webdriver.patatiumwebui.utils.ElementAction 鏌ユ壘鍏冪礌锛氱敤鎴峰悕杈撳叆妗嗘柟寮廩By.xpath://input[@id='loginname']]
[2018-05-23 22:19:28,483] INFO  org.webdriver.patatiumwebui.utils.ElementAction input杈撳叆锛氱敤鎴峰悕杈撳叆妗哰By.xpath://input[@id='loginname']value:
]
[2018-05-23 22:19:28,483] INFO  org.webdriver.patatiumwebui.utils.ElementAction 鏌ユ壘鍏冪礌锛氬瘑鐮佽緭鍏ユ鏂瑰紡[By.id:nloginpwd]
[2018-05-23 22:19:28,528] INFO  org.webdriver.patatiumwebui.utils.ElementAction 娓呴櫎input鍊�:瀵嗙爜杈撳叆妗哰By.id:nloginpwd]
[2018-05-23 22:19:28,528] INFO  org.webdriver.patatiumwebui.utils.ElementAction 鏌ユ壘鍏冪礌锛氬瘑鐮佽緭鍏ユ鏂瑰紡[By.id:nloginpwd]
[2018-05-23 22:19:28,584] INFO  org.webdriver.patatiumwebui.utils.ElementAction input杈撳叆锛氬瘑鐮佽緭鍏ユ[By.id:nloginpwdvalue:]
[2018-05-23 22:19:28,584] INFO  org.webdriver.patatiumwebui.utils.ElementAction 鏌ユ壘鍏冪礌锛氱櫥褰曟寜閽柟寮廩By.id:loginsubmit]
[2018-05-23 22:19:28,682] INFO  org.webdriver.patatiumwebui.utils.ElementAction click鍏冪礌锛氱櫥褰曟寜閽甗By.id:loginsubmit]鎴愬姛锛�
[2018-05-23 22:19:30,682] INFO  org.webdriver.patatiumwebui.utils.Assertion 杈撳叆姝ｇ‘鐨勭敤鎴峰悕鍜屽瘑鐮侊紝楠岃瘉鏄惁鎴愬姛杩涘叆涓婚〉:銆怉ssert楠岃瘉銆�:椤甸潰鏄惁鍑虹幇銆愰鏈熷�硷細jd_8456195銆戝瓧绗︿覆
false
[2018-05-23 22:19:30,699] ERROR org.webdriver.patatiumwebui.utils.Assertion 銆怉ssert楠岃瘉  failed!銆�
[2018-05-23 22:19:31,045] ERROR org.webdriver.patatiumwebui.utils.ScreenShot 閿欒鎴浘锛欵:\testtest\PatatiumWebUi\test-output\snapshot\2018-05-23 221930702.jpg
]]></system-out>
  </testcase>
</testsuite>